INFO - Loading configuration from /Users/tigerli/dev/deepfund/src/config/dev.yaml
INFO - Loading portfolio for development
INFO - Initial Portfolio: {'id': '06ec3407-5e1d-4abf-96fa-35724e908d17', 'cashflow': 100000, 'positions': {}}
INFO - Init DeepFund and run
INFO - Portfolio ID: a919798d-6a5d-4260-b2f5-c6cdc8c4ae5a
INFO - MSFT workflow compiled successfully
INFO - Agent: fundamental | Ticker: MSFT | Status: Fetching financial metrics
INFO - Agent: insider | Ticker: MSFT | Status: Fetching insider trades
INFO - Agent: news | Ticker: MSFT | Status: Fetching company news
INFO - Agent: technical | Ticker: MSFT | Status: Analyzing price data
INFO - Agent: technical | Ticker: MSFT | Signal: Neutral | Justification: The analysis presents mixed signals: Trend Following indicates a Bearish outlook, while Mean Reversion suggests a Bullish trend. RSI and Volatility are Neutral, adding no strong directional bias. Given the conflicting signals, the overall outlook is Neutral until clearer trends emerge.
INFO - Agent: fundamental | Ticker: MSFT | Signal: Neutral | Justification: The analysis reveals mixed signals across key metrics. While profitability is bullish, indicating strong earnings potential, growth is bearish, suggesting potential challenges in revenue or earnings expansion. Financial health and cashflow are neutral, indicating stability but no significant positive or negative trends. Given these conflicting signals, the overall outlook is neutral, as the bullish and bearish factors may offset each other in the near term.
INFO - Agent: insider | Ticker: MSFT | Signal: Neutral | Justification: The insider trades show a mix of acquisitions (mostly Restricted Stock Units with a share price of $0.0, likely part of compensation) and disposals (Common Stock at market price). The disposals by high-ranking executives (EVP, CFO, etc.) in February 2025 could indicate profit-taking or personal financial planning, but the lack of significant acquisitions at market price suggests no strong bullish signal. The acquisitions are likely routine compensation, not indicative of insider confidence.
INFO - Agent: news | Ticker: MSFT | Signal: Bullish | Justification: The majority of the news articles highlight positive developments and strong performance, particularly around Microsoft and the Gates Foundation portfolio. Titles like 'Bill Gates Says He Feared Microsoft Would Struggle Without Him—Now It's Worth $3 Trillion And Thriving' and 'Just 3 Stocks Make Up 65% of the Bill & Melinda Gates Foundation Portfolio' suggest confidence in these investments. Additionally, the focus on AI and technology ETFs indicates a bullish sentiment towards the tech sector.
INFO - Agent: portfolio manager | Ticker: MSFT | Status: Making trading decisions
INFO - Decision for MSFT: Buy | Shares: 32 | Price: 378.8 | Justification: Given the mixed signals from analysts, with some bullish indicators (positive news and strong performance) but also neutral and conflicting signals, a cautious approach is warranted. Purchasing half of the remaining allowed shares (32 out of 65) balances potential upside while mitigating risk from the neutral and conflicting signals.
INFO - MSFT position update: id='a919798d-6a5d-4260-b2f5-c6cdc8c4ae5a' cashflow=87878.4 positions={'MSFT': Position(value=12121.6, shares=32)}
INFO - NVDA workflow compiled successfully
INFO - Agent: fundamental | Ticker: NVDA | Status: Fetching financial metrics
INFO - Agent: insider | Ticker: NVDA | Status: Fetching insider trades
INFO - Agent: news | Ticker: NVDA | Status: Fetching company news
INFO - Agent: technical | Ticker: NVDA | Status: Analyzing price data
INFO - Agent: fundamental | Ticker: NVDA | Signal: Bullish | Justification: The analysis indicates strong bullish signals in profitability, growth, and financial health, which are critical indicators of a company's fundamental strength. While cashflow is neutral, it does not detract significantly from the overall positive outlook. The combined bullish signals suggest a favorable investment opportunity.
INFO - Agent: technical | Ticker: NVDA | Signal: Neutral | Justification: The analysis presents mixed signals: Trend Following indicates a Bearish outlook, while Mean Reversion suggests a Bullish trend. RSI and Volatility are Neutral, adding no strong directional bias. Given the conflicting signals, the overall outlook is Neutral until clearer trends emerge.
INFO - Agent: insider | Ticker: NVDA | Signal: Bearish | Justification: The majority of recent insider trades are disposals (sales) by key executives, including the CFO, CEO, and other top-level executives. Notably, the CEO and CFO sold significant amounts of shares, which could indicate a lack of confidence in the company's short-term performance. While there were some acquisitions, many of these were at a price of $0, likely due to stock awards or options, which do not necessarily reflect bullish sentiment. The high volume of sales at recent market prices suggests insiders may believe the stock is currently overvalued.
INFO - Agent: news | Ticker: NVDA | Signal: Bullish | Justification: The majority of the news articles highlight positive aspects of NVIDIA, such as bullish sentiment from Jim Cramer, potential bullish momentum, and an upcoming event that may benefit the company. While there are concerns about challenges in China and competition from other AI stocks, the overall tone leans towards optimism.
INFO - Agent: portfolio manager | Ticker: NVDA | Status: Making trading decisions
INFO - Decision for NVDA: Buy | Shares: 227 | Price: 109.67 | Justification: Despite mixed signals, the bullish indicators in profitability, growth, and financial health, along with positive news sentiment, outweigh the bearish insider trades and neutral technical analysis. Given the remaining shares allowed for purchases, a full allocation is justified to capitalize on the favorable investment opportunity.
INFO - NVDA position update: id='a919798d-6a5d-4260-b2f5-c6cdc8c4ae5a' cashflow=62983.31 positions={'MSFT': Position(value=12121.6, shares=32), 'NVDA': Position(value=24895.09, shares=227)}
INFO - Workflow completed in 52.04 seconds
INFO - Final Portfolio: {'id': 'a919798d-6a5d-4260-b2f5-c6cdc8c4ae5a', 'cashflow': 62983.31, 'positions': {'MSFT': {'value': 12121.6, 'shares': 32}, 'NVDA': {'value': 24895.09, 'shares': 227}}}
INFO - DeepFund run completed, updating portfolio
